Flow report for LetraC
Wed Apr 27 22:57:40 2022
Quartus Prime Version 19.1.0 Build 670 09/22/2019 SJ Lite Edition


---------------------
; Table of Contents ;
---------------------
  1. Legal Notice
  2. Flow Summary
  3. Flow Settings
  4. Flow Non-Default Global Settings
  5. Flow Elapsed Time
  6. Flow OS Summary
  7. Flow Log
  8. Flow Messages
  9. Flow Suppressed Messages



----------------
; Legal Notice ;
----------------
Copyright (C) 2019  Intel Corporation. All rights reserved.
Your use of Intel Corporation's design tools, logic functions 
and other software and tools, and any partner logic 
functions, and any output files from any of the foregoing 
(including device programming or simulation files), and any 
associated documentation or information are expressly subject 
to the terms and conditions of the Intel Program License 
Subscription Agreement, the Intel Quartus Prime License Agreement,
the Intel FPGA IP License Agreement, or other applicable license
agreement, including, without limitation, that your use is for
the sole purpose of programming logic devices manufactured by
Intel and sold by Intel or its authorized distributors.  Please
refer to the applicable agreement for further details, at
https://fpgasoftware.intel.com/eula.



+----------------------------------------------------------------------------------+
; Flow Summary                                                                     ;
+------------------------------------+---------------------------------------------+
; Flow Status                        ; Successful - Wed Apr 27 22:57:40 2022       ;
; Quartus Prime Version              ; 19.1.0 Build 670 09/22/2019 SJ Lite Edition ;
; Revision Name                      ; LetraC                                      ;
; Top-level Entity Name              ; LetraC                                      ;
; Family                             ; MAX 10                                      ;
; Device                             ; 10M08DAF484C8G                              ;
; Timing Models                      ; Final                                       ;
; Total logic elements               ; 2 / 8,064 ( < 1 % )                         ;
;     Total combinational functions  ; 2 / 8,064 ( < 1 % )                         ;
;     Dedicated logic registers      ; 0 / 8,064 ( 0 % )                           ;
; Total registers                    ; 0                                           ;
; Total pins                         ; 5 / 250 ( 2 % )                             ;
; Total virtual pins                 ; 0                                           ;
; Total memory bits                  ; 0 / 387,072 ( 0 % )                         ;
; Embedded Multiplier 9-bit elements ; 0 / 48 ( 0 % )                              ;
; Total PLLs                         ; 0 / 2 ( 0 % )                               ;
; UFM blocks                         ; 0 / 1 ( 0 % )                               ;
; ADC blocks                         ; 0 / 1 ( 0 % )                               ;
+------------------------------------+---------------------------------------------+


+-----------------------------------------+
; Flow Settings                           ;
+-------------------+---------------------+
; Option            ; Setting             ;
+-------------------+---------------------+
; Start date & time ; 04/27/2022 22:40:58 ;
; Main task         ; Compilation         ;
; Revision Name     ; LetraC              ;
+-------------------+---------------------+


+-------------------------------------------------------------------------------------------------------------------------+
; Flow Non-Default Global Settings                                                                                        ;
+-------------------------------------+----------------------------------------+---------------+-------------+------------+
; Assignment Name                     ; Value                                  ; Default Value ; Entity Name ; Section Id ;
+-------------------------------------+----------------------------------------+---------------+-------------+------------+
; COMPILER_SIGNATURE_ID               ; 238300916045470.165111005819040        ; --            ; --          ; --         ;
; MAX_CORE_JUNCTION_TEMP              ; 85                                     ; --            ; --          ; --         ;
; MIN_CORE_JUNCTION_TEMP              ; 0                                      ; --            ; --          ; --         ;
; PARTITION_COLOR                     ; -- (Not supported for targeted family) ; --            ; --          ; Top        ;
; PARTITION_FITTER_PRESERVATION_LEVEL ; -- (Not supported for targeted family) ; --            ; --          ; Top        ;
; PARTITION_NETLIST_TYPE              ; -- (Not supported for targeted family) ; --            ; --          ; Top        ;
; PROJECT_OUTPUT_DIRECTORY            ; output_files                           ; --            ; --          ; --         ;
+-------------------------------------+----------------------------------------+---------------+-------------+------------+


+--------------------------------------------------------------------------------------------------------------------------+
; Flow Elapsed Time                                                                                                        ;
+----------------------+--------------+-------------------------+---------------------+------------------------------------+
; Module Name          ; Elapsed Time ; Average Processors Used ; Peak Virtual Memory ; Total CPU Time (on all processors) ;
+----------------------+--------------+-------------------------+---------------------+------------------------------------+
; Analysis & Synthesis ; 00:00:15     ; 1.0                     ; 4761 MB             ; 00:00:42                           ;
; Fitter               ; 00:00:08     ; 1.0                     ; 5684 MB             ; 00:00:09                           ;
; Assembler            ; 00:00:02     ; 1.0                     ; 4683 MB             ; 00:00:02                           ;
; Timing Analyzer      ; 00:00:05     ; 1.0                     ; 4807 MB             ; 00:00:05                           ;
; EDA Netlist Writer   ; 00:00:00     ; 1.0                     ; 4631 MB             ; 00:00:01                           ;
; EDA Netlist Writer   ; 00:00:01     ; 1.0                     ; 4640 MB             ; 00:00:01                           ;
; Total                ; 00:00:31     ; --                      ; --                  ; 00:01:00                           ;
+----------------------+--------------+-------------------------+---------------------+------------------------------------+


+------------------------------------------------------------------------------------+
; Flow OS Summary                                                                    ;
+----------------------+------------------+------------+------------+----------------+
; Module Name          ; Machine Hostname ; OS Name    ; OS Version ; Processor type ;
+----------------------+------------------+------------+------------+----------------+
; Analysis & Synthesis ; MSI              ; Windows 10 ; 10.0       ; x86_64         ;
; Fitter               ; MSI              ; Windows 10 ; 10.0       ; x86_64         ;
; Assembler            ; MSI              ; Windows 10 ; 10.0       ; x86_64         ;
; Timing Analyzer      ; MSI              ; Windows 10 ; 10.0       ; x86_64         ;
; EDA Netlist Writer   ; MSI              ; Windows 10 ; 10.0       ; x86_64         ;
; EDA Netlist Writer   ; MSI              ; Windows 10 ; 10.0       ; x86_64         ;
+----------------------+------------------+------------+------------+----------------+


------------
; Flow Log ;
------------
quartus_map --read_settings_files=on --write_settings_files=off LetraC -c LetraC
quartus_fit --read_settings_files=off --write_settings_files=off LetraC -c LetraC
quartus_asm --read_settings_files=off --write_settings_files=off LetraC -c LetraC
quartus_sta LetraC -c LetraC
quartus_eda --gen_testbench --tool=modelsim_oem --format=verilog --write_settings_files=off LetraC -c LetraC --vector_source="C:/Users/Gian/Documents/UTFPR/Segundo Periodo/Circuitos digitais/Atividade 4/LetraC/Waveform.vwf" --testbench_file="C:/Users/Gian/Documents/UTFPR/Segundo Periodo/Circuitos digitais/Atividade 4/LetraC/simulation/qsim/Waveform.vwf.vt"
quartus_eda --write_settings_files=off --simulation=on --functional=on --flatten_buses=off --tool=modelsim_oem --format=verilog --output_directory="C:/Users/Gian/Documents/UTFPR/Segundo Periodo/Circuitos digitais/Atividade 4/LetraC/simulation/qsim/" LetraC -c LetraC



